c:\users\sword\desktop\自作ゲーム\3d\就職作品\3dゲーム\origin\debug\origin.pch
c:\users\sword\desktop\自作ゲーム\3d\就職作品\3dゲーム\origin\debug\vc140.pdb
c:\users\sword\desktop\自作ゲーム\3d\就職作品\3dゲーム\origin\debug\vc140.idb
c:\users\sword\desktop\自作ゲーム\3d\就職作品\3dゲーム\origin\debug\pch.obj
c:\users\sword\desktop\自作ゲーム\3d\就職作品\3dゲーム\origin\debug\aspect.obj
c:\users\sword\desktop\自作ゲーム\3d\就職作品\3dゲーム\origin\debug\deviceresources.obj
c:\users\sword\desktop\自作ゲーム\3d\就職作品\3dゲーム\origin\debug\game.obj
c:\users\sword\desktop\自作ゲーム\3d\就職作品\3dゲーム\origin\debug\main.obj
c:\users\sword\desktop\自作ゲーム\3d\就職作品\3dゲーム\origin\debug\debugcapsule.obj
c:\users\sword\desktop\自作ゲーム\3d\就職作品\3dゲーム\origin\debug\debugfont.obj
c:\users\sword\desktop\自作ゲーム\3d\就職作品\3dゲーム\origin\debug\gridfloor.obj
c:\users\sword\desktop\自作ゲーム\3d\就職作品\3dゲーム\origin\debug\map.obj
c:\users\sword\desktop\自作ゲーム\3d\就職作品\3dゲーム\origin\debug\binaryfile.obj
c:\users\sword\desktop\自作ゲーム\3d\就職作品\3dゲーム\origin\debug\myeffect.obj
c:\users\sword\desktop\自作ゲーム\3d\就職作品\3dゲーム\origin\debug\collision.obj
c:\users\sword\desktop\自作ゲーム\3d\就職作品\3dゲーム\origin\debug\gamestatemanager.obj
c:\users\sword\desktop\自作ゲーム\3d\就職作品\3dゲーム\origin\debug\pausestate.obj
c:\users\sword\desktop\自作ゲーム\3d\就職作品\3dゲーム\origin\debug\playstate.obj
c:\users\sword\desktop\自作ゲーム\3d\就職作品\3dゲーム\origin\debug\resultstate.obj
c:\users\sword\desktop\自作ゲーム\3d\就職作品\3dゲーム\origin\debug\titlestate.obj
c:\users\sword\desktop\自作ゲーム\3d\就職作品\3dゲーム\origin\debug\adx2.obj
c:\users\sword\desktop\自作ゲーム\3d\就職作品\3dゲーム\origin\debug\stage.obj
c:\users\sword\desktop\自作ゲーム\3d\就職作品\3dゲーム\origin\debug\darwname.obj
c:\users\sword\desktop\自作ゲーム\3d\就職作品\3dゲーム\origin\debug\enemyhp.obj
c:\users\sword\desktop\自作ゲーム\3d\就職作品\3dゲーム\origin\debug\resultfade.obj
c:\users\sword\desktop\自作ゲーム\3d\就職作品\3dゲーム\origin\debug\score.obj
c:\users\sword\desktop\自作ゲーム\3d\就職作品\3dゲーム\origin\debug\shutter.obj
c:\users\sword\desktop\自作ゲーム\3d\就職作品\3dゲーム\origin\debug\time.obj
c:\users\sword\desktop\自作ゲーム\3d\就職作品\3dゲーム\origin\debug\followcamera.obj
c:\users\sword\desktop\自作ゲーム\3d\就職作品\3dゲーム\origin\debug\datamanager.obj
c:\users\sword\desktop\自作ゲーム\3d\就職作品\3dゲーム\origin\debug\debugcamera.obj
c:\users\sword\desktop\自作ゲーム\3d\就職作品\3dゲーム\origin\debug\character.obj
c:\users\sword\desktop\自作ゲーム\3d\就職作品\3dゲーム\origin\debug\enemy.obj
c:\users\sword\desktop\自作ゲーム\3d\就職作品\3dゲーム\origin\debug\charactermaplist.obj
c:\users\sword\desktop\自作ゲーム\3d\就職作品\3dゲーム\origin\debug\params.obj
c:\users\sword\desktop\自作ゲーム\3d\就職作品\3dゲーム\origin\debug\player.obj
c:\users\sword\desktop\自作ゲーム\3d\就職作品\3dゲーム\origin\debug\attackarea.obj
c:\users\sword\desktop\自作ゲーム\3d\就職作品\3dゲーム\origin\debug\attackline.obj
c:\users\sword\desktop\自作ゲーム\3d\就職作品\3dゲーム\origin\debug\black.obj
c:\users\sword\desktop\自作ゲーム\3d\就職作品\3dゲーム\origin\debug\effect2d.obj
c:\users\sword\desktop\自作ゲーム\3d\就職作品\3dゲーム\origin\debug\enemydeth.obj
c:\users\sword\desktop\自作ゲーム\3d\就職作品\3dゲーム\origin\debug\enemyhit.obj
c:\users\sword\desktop\自作ゲーム\3d\就職作品\3dゲーム\origin\debug\fade.obj
c:\users\sword\desktop\自作ゲーム\3d\就職作品\3dゲーム\origin\debug\hpguage.obj
c:\users\sword\desktop\自作ゲーム\3d\就職作品\3dゲーム\origin\debug\purpose.obj
c:\users\sword\desktop\自作ゲーム\3d\就職作品\3dゲーム\origin\debug\effect3d.obj
c:\users\sword\desktop\自作ゲーム\3d\就職作品\3dゲーム\origin\debug\stage1.obj
c:\users\sword\desktop\自作ゲーム\3d\就職作品\3dゲーム\origin\debug\goblin.obj
c:\users\sword\desktop\自作ゲーム\3d\就職作品\3dゲーム\origin\debug\longrange.obj
c:\users\sword\desktop\自作ゲーム\3d\就職作品\3dゲーム\origin\debug\rowling.obj
c:\users\sword\desktop\自作ゲーム\3d\就職作品\3dゲーム\origin\debug\stamp.obj
c:\users\sword\desktop\自作ゲーム\3d\就職作品\3dゲーム\origin\debug\weapon.obj
c:\users\sword\desktop\自作ゲーム\3d\就職作品\3dゲーム\origin\debug\longrangeattack.obj
c:\users\sword\desktop\自作ゲーム\3d\就職作品\3dゲーム\origin\debug\bow.obj
c:\users\sword\desktop\自作ゲーム\3d\就職作品\3dゲーム\origin\debug\spear.obj
c:\users\sword\desktop\自作ゲーム\3d\就職作品\3dゲーム\origin\debug\sword.obj
c:\users\s192036\desktop\3dゲーム\origin\debug\origin.pch
c:\users\s192036\desktop\3dゲーム\origin\debug\vc140.pdb
c:\users\s192036\desktop\3dゲーム\origin\debug\vc140.idb
c:\users\s192036\desktop\3dゲーム\origin\debug\pch.obj
c:\users\s192036\desktop\3dゲーム\origin\debug\aspect.obj
c:\users\s192036\desktop\3dゲーム\origin\debug\deviceresources.obj
c:\users\s192036\desktop\3dゲーム\origin\debug\game.obj
c:\users\s192036\desktop\3dゲーム\origin\debug\main.obj
c:\users\s192036\desktop\3dゲーム\origin\debug\debugcapsule.obj
c:\users\s192036\desktop\3dゲーム\origin\debug\debugfont.obj
c:\users\s192036\desktop\3dゲーム\origin\debug\gridfloor.obj
c:\users\s192036\desktop\3dゲーム\origin\debug\map.obj
c:\users\s192036\desktop\3dゲーム\origin\debug\binaryfile.obj
c:\users\s192036\desktop\3dゲーム\origin\debug\myeffect.obj
c:\users\s192036\desktop\3dゲーム\origin\debug\collision.obj
c:\users\s192036\desktop\3dゲーム\origin\debug\gamestatemanager.obj
c:\users\s192036\desktop\3dゲーム\origin\debug\pausestate.obj
c:\users\s192036\desktop\3dゲーム\origin\debug\playstate.obj
c:\users\s192036\desktop\3dゲーム\origin\debug\resultstate.obj
c:\users\s192036\desktop\3dゲーム\origin\debug\titlestate.obj
c:\users\s192036\desktop\3dゲーム\origin\debug\adx2.obj
c:\users\s192036\desktop\3dゲーム\origin\debug\darwname.obj
c:\users\s192036\desktop\3dゲーム\origin\debug\enemyhp.obj
c:\users\s192036\desktop\3dゲーム\origin\debug\resultfade.obj
c:\users\s192036\desktop\3dゲーム\origin\debug\score.obj
c:\users\s192036\desktop\3dゲーム\origin\debug\shutter.obj
c:\users\s192036\desktop\3dゲーム\origin\debug\time.obj
c:\users\s192036\desktop\3dゲーム\origin\debug\followcamera.obj
c:\users\s192036\desktop\3dゲーム\origin\debug\datamanager.obj
c:\users\s192036\desktop\3dゲーム\origin\debug\debugcamera.obj
c:\users\sword\desktop\自作ゲーム\3d\就職作品\3dゲーム\origin\resources\shaders\particlepsenemydeth.cso
c:\users\sword\desktop\自作ゲーム\3d\就職作品\3dゲーム\origin\resources\shaders\particlepsenemyattackline.cso
c:\users\sword\desktop\自作ゲーム\3d\就職作品\3dゲーム\origin\resources\shaders\particlepsenemyhit.cso
c:\users\sword\desktop\自作ゲーム\3d\就職作品\3dゲーム\debug\particlepsenemyattackline.cso
c:\users\sword\desktop\自作ゲーム\3d\就職作品\3dゲーム\origin\resources\shaders\particlegs.cso
c:\users\sword\desktop\自作ゲーム\3d\就職作品\3dゲーム\origin\resources\shaders\particleps.cso
c:\users\sword\desktop\自作ゲーム\3d\就職作品\3dゲーム\origin\resources\shaders\particlepsblack.cso
c:\users\sword\desktop\自作ゲーム\3d\就職作品\3dゲーム\origin\resources\shaders\particlepsenemyattackarea.cso
c:\users\sword\desktop\自作ゲーム\3d\就職作品\3dゲーム\origin\resources\shaders\particlepsenemyattackattackline.cso
c:\users\sword\desktop\自作ゲーム\3d\就職作品\3dゲーム\origin\resources\shaders\particlepsfade.cso
c:\users\sword\desktop\自作ゲーム\3d\就職作品\3dゲーム\origin\resources\shaders\particlepshpguage.cso
c:\users\sword\desktop\自作ゲーム\3d\就職作品\3dゲーム\origin\resources\shaders\particlepspurpose.cso
c:\users\sword\desktop\自作ゲーム\3d\就職作品\3dゲーム\origin\resources\shaders\particlevs.cso
c:\users\s192036\desktop\3dゲーム\origin\resources\shaders\particlegs.cso
c:\users\s192036\desktop\3dゲーム\origin\resources\shaders\particleps.cso
c:\users\s192036\desktop\3dゲーム\origin\resources\shaders\particlepsblack.cso
c:\users\s192036\desktop\3dゲーム\origin\resources\shaders\particlepsenemyattackarea.cso
c:\users\s192036\desktop\3dゲーム\origin\resources\shaders\particlepsenemyattackline.cso
c:\users\s192036\desktop\3dゲーム\origin\resources\shaders\particlepsenemydeth.cso
c:\users\s192036\desktop\3dゲーム\origin\resources\shaders\particlepsenemyhit.cso
c:\users\s192036\desktop\3dゲーム\origin\resources\shaders\particlepsfade.cso
c:\users\s192036\desktop\3dゲーム\origin\resources\shaders\particlepshpguage.cso
c:\users\s192036\desktop\3dゲーム\origin\resources\shaders\particlepspurpose.cso
c:\users\s192036\desktop\3dゲーム\origin\resources\shaders\particlevs.cso
c:\users\sword\desktop\自作ゲーム\3d\就職作品\3dゲーム\debug\origin.ilk
c:\users\sword\desktop\自作ゲーム\3d\就職作品\3dゲーム\debug\origin.exe
c:\users\sword\desktop\自作ゲーム\3d\就職作品\3dゲーム\debug\origin.pdb
c:\users\sword\desktop\自作ゲーム\3d\就職作品\3dゲーム\origin\resources\model\enemy\longrange.fbm\red.png
c:\users\sword\desktop\自作ゲーム\3d\就職作品\3dゲーム\origin\resources\cmo\longrange.cmo
c:\users\sword\desktop\自作ゲーム\3d\就職作品\3dゲーム\origin\resources\cmo\_program files (x86)_microsoft visual studio 14.0_common7_ide_extensions_microsoft_vsgraphics_assets_effects_lambert.dgsl.cso
c:\users\sword\desktop\自作ゲーム\3d\就職作品\3dゲーム\origin\resources\cmo\_users_sword_desktop_自作ゲーム_3d_就職作品_3dゲーム_origin_resources_model_enemy_longrange.fbm_red.png.dds
c:\users\sword\desktop\自作ゲーム\3d\就職作品\3dゲーム\origin\resources\cmo\longrangeattack.cmo
c:\users\sword\desktop\自作ゲーム\3d\就職作品\3dゲーム\origin\resources\cmo\mapcoliseumtest.cmo
c:\users\sword\desktop\自作ゲーム\3d\就職作品\3dゲーム\origin\resources\cmo\mappart1.cmo
c:\users\sword\desktop\自作ゲーム\3d\就職作品\3dゲーム\origin\resources\model\map\space.fbm\spaceblue.png
c:\users\sword\desktop\自作ゲーム\3d\就職作品\3dゲーム\origin\resources\cmo\space.cmo
c:\users\sword\desktop\自作ゲーム\3d\就職作品\3dゲーム\origin\resources\cmo\_users_sword_desktop_自作ゲーム_3d_就職作品_3dゲーム_origin_resources_model_map_space.fbm_spaceblue.png.dds
c:\users\sword\desktop\自作ゲーム\3d\就職作品\3dゲーム\origin\resources\cmo\wallcoliseumtest.cmo
c:\users\sword\desktop\自作ゲーム\3d\就職作品\3dゲーム\origin\resources\cmo\player.cmo
c:\users\sword\desktop\自作ゲーム\3d\就職作品\3dゲーム\origin\resources\cmo\testsword.cmo
c:\users\sword\desktop\自作ゲーム\3d\就職作品\3dゲーム\origin\resources\model\character.fbm\blue.png
c:\users\sword\desktop\自作ゲーム\3d\就職作品\3dゲーム\origin\resources\cmo\character.cmo
c:\users\sword\desktop\自作ゲーム\3d\就職作品\3dゲーム\origin\resources\cmo\_users_sword_desktop_自作ゲーム_3d_就職作品_3dゲーム_origin_resources_model_character.fbm_blue.png.dds
c:\users\sword\desktop\自作ゲーム\3d\就職作品\3dゲーム\origin\resources\model\enemy\goblin.fbm\green.png
c:\users\sword\desktop\自作ゲーム\3d\就職作品\3dゲーム\origin\resources\cmo\goblin.cmo
c:\users\sword\desktop\自作ゲーム\3d\就職作品\3dゲーム\origin\resources\cmo\_program files (x86)_microsoft visual studio 14.0_common7_ide_extensions_microsoft_vsgraphics_assets_effects_phong.dgsl.cso
c:\users\sword\desktop\自作ゲーム\3d\就職作品\3dゲーム\origin\resources\cmo\_users_sword_desktop_自作ゲーム_3d_就職作品_3dゲーム_origin_resources_model_enemy_goblin.fbm_green.png.dds
c:\users\sword\desktop\自作ゲーム\3d\就職作品\3dゲーム\origin\resources\model\enemy\rowling.fbm\green.png
c:\users\sword\desktop\自作ゲーム\3d\就職作品\3dゲーム\origin\resources\cmo\rowling.cmo
c:\users\sword\desktop\自作ゲーム\3d\就職作品\3dゲーム\origin\resources\cmo\_users_sword_desktop_自作ゲーム_3d_就職作品_3dゲーム_origin_resources_model_enemy_rowling.fbm_green.png.dds
c:\users\sword\desktop\自作ゲーム\3d\就職作品\3dゲーム\origin\resources\model\enemy\stamp.fbm\green.png
c:\users\sword\desktop\自作ゲーム\3d\就職作品\3dゲーム\origin\resources\cmo\stamp.cmo
c:\users\sword\desktop\自作ゲーム\3d\就職作品\3dゲーム\origin\resources\cmo\_users_sword_desktop_自作ゲーム_3d_就職作品_3dゲーム_origin_resources_model_enemy_stamp.fbm_green.png.dds
c:\users\s192036\desktop\3dゲーム\origin\resources\model\character.fbm\blue.png
c:\users\s192036\desktop\3dゲーム\origin\resources\cmo\character.cmo
c:\users\s192036\desktop\3dゲーム\origin\resources\cmo\_program files (x86)_microsoft visual studio 14.0_common7_ide_extensions_microsoft_vsgraphics_assets_effects_lambert.dgsl.cso
c:\users\s192036\desktop\3dゲーム\origin\resources\cmo\_users_s192036_desktop_3dゲーム_origin_resources_model_character.fbm_blue.png.dds
c:\users\s192036\desktop\3dゲーム\origin\resources\model\enemy\goblin.fbm\green.png
c:\users\s192036\desktop\3dゲーム\origin\resources\cmo\goblin.cmo
c:\users\s192036\desktop\3dゲーム\origin\resources\cmo\_program files (x86)_microsoft visual studio 14.0_common7_ide_extensions_microsoft_vsgraphics_assets_effects_phong.dgsl.cso
c:\users\s192036\desktop\3dゲーム\origin\resources\cmo\_users_s192036_desktop_3dゲーム_origin_resources_model_enemy_goblin.fbm_green.png.dds
c:\users\s192036\desktop\3dゲーム\origin\resources\model\enemy\longrange.fbm\red.png
c:\users\s192036\desktop\3dゲーム\origin\resources\cmo\longrange.cmo
c:\users\s192036\desktop\3dゲーム\origin\resources\cmo\_users_s192036_desktop_3dゲーム_origin_resources_model_enemy_longrange.fbm_red.png.dds
c:\users\s192036\desktop\3dゲーム\origin\resources\cmo\longrangeattack.cmo
c:\users\s192036\desktop\3dゲーム\origin\resources\model\enemy\rowling.fbm\green.png
c:\users\s192036\desktop\3dゲーム\origin\resources\cmo\rowling.cmo
c:\users\s192036\desktop\3dゲーム\origin\resources\cmo\_users_s192036_desktop_3dゲーム_origin_resources_model_enemy_rowling.fbm_green.png.dds
c:\users\s192036\desktop\3dゲーム\origin\resources\model\enemy\stamp.fbm\green.png
c:\users\s192036\desktop\3dゲーム\origin\resources\cmo\stamp.cmo
c:\users\s192036\desktop\3dゲーム\origin\resources\cmo\_users_s192036_desktop_3dゲーム_origin_resources_model_enemy_stamp.fbm_green.png.dds
c:\users\s192036\desktop\3dゲーム\origin\resources\cmo\mapcoliseumtest.cmo
c:\users\s192036\desktop\3dゲーム\origin\resources\cmo\mappart1.cmo
c:\users\s192036\desktop\3dゲーム\origin\resources\model\map\space.fbm\spaceblue.png
c:\users\s192036\desktop\3dゲーム\origin\resources\cmo\space.cmo
c:\users\s192036\desktop\3dゲーム\origin\resources\cmo\_users_s192036_desktop_3dゲーム_origin_resources_model_map_space.fbm_spaceblue.png.dds
c:\users\s192036\desktop\3dゲーム\origin\resources\cmo\wallcoliseumtest.cmo
c:\users\s192036\desktop\3dゲーム\origin\resources\cmo\player.cmo
c:\users\s192036\desktop\3dゲーム\origin\resources\cmo\testsword.cmo
c:\users\sword\desktop\自作ゲーム\3d\就職作品\3dゲーム\debug\origin.lib
c:\users\sword\desktop\自作ゲーム\3d\就職作品\3dゲーム\debug\origin.exp
c:\users\sword\desktop\自作ゲーム\3d\就職作品\3dゲーム\origin\debug\origin.exe.embed.manifest.res
c:\users\sword\desktop\自作ゲーム\3d\就職作品\3dゲーム\origin\debug\resource.res
c:\users\s192036\desktop\3dゲーム\origin\debug\attackarea.obj
c:\users\s192036\desktop\3dゲーム\origin\debug\attackline.obj
c:\users\s192036\desktop\3dゲーム\origin\debug\black.obj
c:\users\s192036\desktop\3dゲーム\origin\debug\bow.obj
c:\users\s192036\desktop\3dゲーム\origin\debug\character.obj
c:\users\s192036\desktop\3dゲーム\origin\debug\charactermaplist.obj
c:\users\s192036\desktop\3dゲーム\origin\debug\effect2d.obj
c:\users\s192036\desktop\3dゲーム\origin\debug\effect3d.obj
c:\users\s192036\desktop\3dゲーム\origin\debug\enemy.obj
c:\users\s192036\desktop\3dゲーム\origin\debug\enemydeth.obj
c:\users\s192036\desktop\3dゲーム\origin\debug\enemyhit.obj
c:\users\s192036\desktop\3dゲーム\origin\debug\fade.obj
c:\users\s192036\desktop\3dゲーム\origin\debug\goblin.obj
c:\users\s192036\desktop\3dゲーム\origin\debug\hpguage.obj
c:\users\s192036\desktop\3dゲーム\origin\debug\longrange.obj
c:\users\s192036\desktop\3dゲーム\origin\debug\longrangeattack.obj
c:\users\s192036\desktop\3dゲーム\origin\debug\params.obj
c:\users\s192036\desktop\3dゲーム\origin\debug\player.obj
c:\users\s192036\desktop\3dゲーム\origin\debug\purpose.obj
c:\users\s192036\desktop\3dゲーム\origin\debug\rowling.obj
c:\users\s192036\desktop\3dゲーム\origin\debug\spear.obj
c:\users\s192036\desktop\3dゲーム\origin\debug\stage1.obj
c:\users\s192036\desktop\3dゲーム\origin\debug\stamp.obj
c:\users\s192036\desktop\3dゲーム\origin\debug\sword.obj
c:\users\s192036\desktop\3dゲーム\origin\debug\weapon.obj
c:\users\s192036\desktop\3dゲーム\origin\debug\attackline.obj.enc
c:\users\s192036\desktop\3dゲーム\origin\debug\stage.obj.enc
c:\users\s192036\desktop\3dゲーム\origin\debug\stamp.obj.enc
c:\users\s192036\desktop\3dゲーム\origin\debug\origin.exe.embed.manifest
c:\users\s192036\desktop\3dゲーム\origin\debug\origin.exe.embed.manifest.res
c:\users\s192036\desktop\3dゲーム\origin\debug\resource.res
c:\users\s192036\desktop\3dゲーム\origin\debug\origin_manifest.rc
c:\users\s192036\desktop\3dゲーム\debug\origin.pdb
c:\users\s192036\desktop\3dゲーム\debug\origin.exe
c:\users\s192036\desktop\3dゲーム\debug\origin.ilk
c:\users\s192036\desktop\3dゲーム\origin\debug\origin.tlog\cl.command.1.tlog
c:\users\s192036\desktop\3dゲーム\origin\debug\origin.tlog\cl.read.1.tlog
c:\users\s192036\desktop\3dゲーム\origin\debug\origin.tlog\cl.write.1.tlog
c:\users\s192036\desktop\3dゲーム\origin\debug\origin.tlog\fxc.10384.read.1.tlog
c:\users\s192036\desktop\3dゲーム\origin\debug\origin.tlog\fxc.10384.write.1.tlog
c:\users\s192036\desktop\3dゲーム\origin\debug\origin.tlog\fxc.13444.read.1.tlog
c:\users\s192036\desktop\3dゲーム\origin\debug\origin.tlog\fxc.13444.write.1.tlog
c:\users\s192036\desktop\3dゲーム\origin\debug\origin.tlog\fxc.14912.read.1.tlog
c:\users\s192036\desktop\3dゲーム\origin\debug\origin.tlog\fxc.14912.write.1.tlog
c:\users\s192036\desktop\3dゲーム\origin\debug\origin.tlog\fxc.14940.read.1.tlog
c:\users\s192036\desktop\3dゲーム\origin\debug\origin.tlog\fxc.14940.write.1.tlog
c:\users\s192036\desktop\3dゲーム\origin\debug\origin.tlog\fxc.15164.read.1.tlog
c:\users\s192036\desktop\3dゲーム\origin\debug\origin.tlog\fxc.15164.write.1.tlog
c:\users\s192036\desktop\3dゲーム\origin\debug\origin.tlog\fxc.16528.read.1.tlog
c:\users\s192036\desktop\3dゲーム\origin\debug\origin.tlog\fxc.18048.read.1.tlog
c:\users\s192036\desktop\3dゲーム\origin\debug\origin.tlog\fxc.20116.read.1.tlog
c:\users\s192036\desktop\3dゲーム\origin\debug\origin.tlog\fxc.20116.write.1.tlog
c:\users\s192036\desktop\3dゲーム\origin\debug\origin.tlog\fxc.240.read.1.tlog
c:\users\s192036\desktop\3dゲーム\origin\debug\origin.tlog\fxc.240.write.1.tlog
c:\users\s192036\desktop\3dゲーム\origin\debug\origin.tlog\fxc.8640.read.1.tlog
c:\users\s192036\desktop\3dゲーム\origin\debug\origin.tlog\fxc.8640.write.1.tlog
c:\users\s192036\desktop\3dゲーム\origin\debug\origin.tlog\fxc.9420.read.1.tlog
c:\users\s192036\desktop\3dゲーム\origin\debug\origin.tlog\fxc.9420.write.1.tlog
c:\users\s192036\desktop\3dゲーム\origin\debug\origin.tlog\fxc.command.1.tlog
c:\users\s192036\desktop\3dゲーム\origin\debug\origin.tlog\fxc.read.1.tlog
c:\users\s192036\desktop\3dゲーム\origin\debug\origin.tlog\fxc.write.1.tlog
c:\users\s192036\desktop\3dゲーム\origin\debug\origin.tlog\link.command.1.tlog
c:\users\s192036\desktop\3dゲーム\origin\debug\origin.tlog\link.read.1.tlog
c:\users\s192036\desktop\3dゲーム\origin\debug\origin.tlog\link.write.1.tlog
c:\users\s192036\desktop\3dゲーム\origin\debug\origin.tlog\meshcontenttask-vsgraphics.10284.read.1.tlog
c:\users\s192036\desktop\3dゲーム\origin\debug\origin.tlog\meshcontenttask-vsgraphics.10284.read.5.tlog
c:\users\s192036\desktop\3dゲーム\origin\debug\origin.tlog\meshcontenttask-vsgraphics.10284.write.1.tlog
c:\users\s192036\desktop\3dゲーム\origin\debug\origin.tlog\meshcontenttask-vsgraphics.10284.write.5.tlog
c:\users\s192036\desktop\3dゲーム\origin\debug\origin.tlog\meshcontenttask-vsgraphics.11232.read.1.tlog
c:\users\s192036\desktop\3dゲーム\origin\debug\origin.tlog\meshcontenttask-vsgraphics.11232.read.5.tlog
c:\users\s192036\desktop\3dゲーム\origin\debug\origin.tlog\meshcontenttask-vsgraphics.11232.write.1.tlog
c:\users\s192036\desktop\3dゲーム\origin\debug\origin.tlog\meshcontenttask-vsgraphics.11232.write.5.tlog
c:\users\s192036\desktop\3dゲーム\origin\debug\origin.tlog\meshcontenttask-vsgraphics.11408.read.1.tlog
c:\users\s192036\desktop\3dゲーム\origin\debug\origin.tlog\meshcontenttask-vsgraphics.11408.read.5.tlog
c:\users\s192036\desktop\3dゲーム\origin\debug\origin.tlog\meshcontenttask-vsgraphics.11408.write.1.tlog
c:\users\s192036\desktop\3dゲーム\origin\debug\origin.tlog\meshcontenttask-vsgraphics.11408.write.5.tlog
c:\users\s192036\desktop\3dゲーム\origin\debug\origin.tlog\meshcontenttask-vsgraphics.11780.read.1.tlog
c:\users\s192036\desktop\3dゲーム\origin\debug\origin.tlog\meshcontenttask-vsgraphics.11780.read.5.tlog
c:\users\s192036\desktop\3dゲーム\origin\debug\origin.tlog\meshcontenttask-vsgraphics.11780.write.1.tlog
c:\users\s192036\desktop\3dゲーム\origin\debug\origin.tlog\meshcontenttask-vsgraphics.11780.write.5.tlog
c:\users\s192036\desktop\3dゲーム\origin\debug\origin.tlog\meshcontenttask-vsgraphics.11804.read.1.tlog
c:\users\s192036\desktop\3dゲーム\origin\debug\origin.tlog\meshcontenttask-vsgraphics.11804.write.1.tlog
c:\users\s192036\desktop\3dゲーム\origin\debug\origin.tlog\meshcontenttask-vsgraphics.12356.read.1.tlog
c:\users\s192036\desktop\3dゲーム\origin\debug\origin.tlog\meshcontenttask-vsgraphics.12356.read.5.tlog
c:\users\s192036\desktop\3dゲーム\origin\debug\origin.tlog\meshcontenttask-vsgraphics.12356.write.1.tlog
c:\users\s192036\desktop\3dゲーム\origin\debug\origin.tlog\meshcontenttask-vsgraphics.12356.write.5.tlog
c:\users\s192036\desktop\3dゲーム\origin\debug\origin.tlog\meshcontenttask-vsgraphics.12584.read.1.tlog
c:\users\s192036\desktop\3dゲーム\origin\debug\origin.tlog\meshcontenttask-vsgraphics.12584.write.1.tlog
c:\users\s192036\desktop\3dゲーム\origin\debug\origin.tlog\meshcontenttask-vsgraphics.12740.read.1.tlog
c:\users\s192036\desktop\3dゲーム\origin\debug\origin.tlog\meshcontenttask-vsgraphics.12740.write.1.tlog
c:\users\s192036\desktop\3dゲーム\origin\debug\origin.tlog\meshcontenttask-vsgraphics.12892.read.1.tlog
c:\users\s192036\desktop\3dゲーム\origin\debug\origin.tlog\meshcontenttask-vsgraphics.12892.read.5.tlog
c:\users\s192036\desktop\3dゲーム\origin\debug\origin.tlog\meshcontenttask-vsgraphics.12892.write.1.tlog
c:\users\s192036\desktop\3dゲーム\origin\debug\origin.tlog\meshcontenttask-vsgraphics.12892.write.5.tlog
c:\users\s192036\desktop\3dゲーム\origin\debug\origin.tlog\meshcontenttask-vsgraphics.13168.read.1.tlog
c:\users\s192036\desktop\3dゲーム\origin\debug\origin.tlog\meshcontenttask-vsgraphics.13168.read.5.tlog
c:\users\s192036\desktop\3dゲーム\origin\debug\origin.tlog\meshcontenttask-vsgraphics.13168.write.1.tlog
c:\users\s192036\desktop\3dゲーム\origin\debug\origin.tlog\meshcontenttask-vsgraphics.13168.write.5.tlog
c:\users\s192036\desktop\3dゲーム\origin\debug\origin.tlog\meshcontenttask-vsgraphics.13264.read.1.tlog
c:\users\s192036\desktop\3dゲーム\origin\debug\origin.tlog\meshcontenttask-vsgraphics.13264.read.5.tlog
c:\users\s192036\desktop\3dゲーム\origin\debug\origin.tlog\meshcontenttask-vsgraphics.13264.write.1.tlog
c:\users\s192036\desktop\3dゲーム\origin\debug\origin.tlog\meshcontenttask-vsgraphics.13264.write.5.tlog
c:\users\s192036\desktop\3dゲーム\origin\debug\origin.tlog\meshcontenttask-vsgraphics.13644.read.1.tlog
c:\users\s192036\desktop\3dゲーム\origin\debug\origin.tlog\meshcontenttask-vsgraphics.13644.write.1.tlog
c:\users\s192036\desktop\3dゲーム\origin\debug\origin.tlog\meshcontenttask-vsgraphics.13708.read.1.tlog
c:\users\s192036\desktop\3dゲーム\origin\debug\origin.tlog\meshcontenttask-vsgraphics.13708.write.1.tlog
c:\users\s192036\desktop\3dゲーム\origin\debug\origin.tlog\meshcontenttask-vsgraphics.14824.read.1.tlog
c:\users\s192036\desktop\3dゲーム\origin\debug\origin.tlog\meshcontenttask-vsgraphics.14824.read.5.tlog
c:\users\s192036\desktop\3dゲーム\origin\debug\origin.tlog\meshcontenttask-vsgraphics.14824.write.1.tlog
c:\users\s192036\desktop\3dゲーム\origin\debug\origin.tlog\meshcontenttask-vsgraphics.14824.write.5.tlog
c:\users\s192036\desktop\3dゲーム\origin\debug\origin.tlog\meshcontenttask-vsgraphics.14868.read.1.tlog
c:\users\s192036\desktop\3dゲーム\origin\debug\origin.tlog\meshcontenttask-vsgraphics.14868.read.5.tlog
c:\users\s192036\desktop\3dゲーム\origin\debug\origin.tlog\meshcontenttask-vsgraphics.14868.write.1.tlog
c:\users\s192036\desktop\3dゲーム\origin\debug\origin.tlog\meshcontenttask-vsgraphics.14868.write.5.tlog
c:\users\s192036\desktop\3dゲーム\origin\debug\origin.tlog\meshcontenttask-vsgraphics.14888.read.1.tlog
c:\users\s192036\desktop\3dゲーム\origin\debug\origin.tlog\meshcontenttask-vsgraphics.14888.write.1.tlog
c:\users\s192036\desktop\3dゲーム\origin\debug\origin.tlog\meshcontenttask-vsgraphics.15056.read.1.tlog
c:\users\s192036\desktop\3dゲーム\origin\debug\origin.tlog\meshcontenttask-vsgraphics.15056.write.1.tlog
c:\users\s192036\desktop\3dゲーム\origin\debug\origin.tlog\meshcontenttask-vsgraphics.15356.read.1.tlog
c:\users\s192036\desktop\3dゲーム\origin\debug\origin.tlog\meshcontenttask-vsgraphics.15356.write.1.tlog
c:\users\s192036\desktop\3dゲーム\origin\debug\origin.tlog\meshcontenttask-vsgraphics.15788.read.1.tlog
c:\users\s192036\desktop\3dゲーム\origin\debug\origin.tlog\meshcontenttask-vsgraphics.15788.write.1.tlog
c:\users\s192036\desktop\3dゲーム\origin\debug\origin.tlog\meshcontenttask-vsgraphics.16228.read.1.tlog
c:\users\s192036\desktop\3dゲーム\origin\debug\origin.tlog\meshcontenttask-vsgraphics.16228.read.5.tlog
c:\users\s192036\desktop\3dゲーム\origin\debug\origin.tlog\meshcontenttask-vsgraphics.16228.write.1.tlog
c:\users\s192036\desktop\3dゲーム\origin\debug\origin.tlog\meshcontenttask-vsgraphics.16228.write.5.tlog
c:\users\s192036\desktop\3dゲーム\origin\debug\origin.tlog\meshcontenttask-vsgraphics.16692.read.1.tlog
c:\users\s192036\desktop\3dゲーム\origin\debug\origin.tlog\meshcontenttask-vsgraphics.16692.read.5.tlog
c:\users\s192036\desktop\3dゲーム\origin\debug\origin.tlog\meshcontenttask-vsgraphics.16692.write.1.tlog
c:\users\s192036\desktop\3dゲーム\origin\debug\origin.tlog\meshcontenttask-vsgraphics.16692.write.5.tlog
c:\users\s192036\desktop\3dゲーム\origin\debug\origin.tlog\meshcontenttask-vsgraphics.16776.read.1.tlog
c:\users\s192036\desktop\3dゲーム\origin\debug\origin.tlog\meshcontenttask-vsgraphics.16776.read.5.tlog
c:\users\s192036\desktop\3dゲーム\origin\debug\origin.tlog\meshcontenttask-vsgraphics.16776.write.1.tlog
c:\users\s192036\desktop\3dゲーム\origin\debug\origin.tlog\meshcontenttask-vsgraphics.16776.write.5.tlog
c:\users\s192036\desktop\3dゲーム\origin\debug\origin.tlog\meshcontenttask-vsgraphics.16792.read.1.tlog
c:\users\s192036\desktop\3dゲーム\origin\debug\origin.tlog\meshcontenttask-vsgraphics.16792.write.1.tlog
c:\users\s192036\desktop\3dゲーム\origin\debug\origin.tlog\meshcontenttask-vsgraphics.16884.read.1.tlog
c:\users\s192036\desktop\3dゲーム\origin\debug\origin.tlog\meshcontenttask-vsgraphics.16884.read.5.tlog
c:\users\s192036\desktop\3dゲーム\origin\debug\origin.tlog\meshcontenttask-vsgraphics.16884.write.1.tlog
c:\users\s192036\desktop\3dゲーム\origin\debug\origin.tlog\meshcontenttask-vsgraphics.16884.write.5.tlog
c:\users\s192036\desktop\3dゲーム\origin\debug\origin.tlog\meshcontenttask-vsgraphics.1716.read.1.tlog
c:\users\s192036\desktop\3dゲーム\origin\debug\origin.tlog\meshcontenttask-vsgraphics.1716.read.5.tlog
c:\users\s192036\desktop\3dゲーム\origin\debug\origin.tlog\meshcontenttask-vsgraphics.1716.write.1.tlog
c:\users\s192036\desktop\3dゲーム\origin\debug\origin.tlog\meshcontenttask-vsgraphics.1716.write.5.tlog
c:\users\s192036\desktop\3dゲーム\origin\debug\origin.tlog\meshcontenttask-vsgraphics.17352.read.1.tlog
c:\users\s192036\desktop\3dゲーム\origin\debug\origin.tlog\meshcontenttask-vsgraphics.17352.write.1.tlog
c:\users\s192036\desktop\3dゲーム\origin\debug\origin.tlog\meshcontenttask-vsgraphics.17520.read.1.tlog
c:\users\s192036\desktop\3dゲーム\origin\debug\origin.tlog\meshcontenttask-vsgraphics.17520.read.5.tlog
c:\users\s192036\desktop\3dゲーム\origin\debug\origin.tlog\meshcontenttask-vsgraphics.17520.write.1.tlog
c:\users\s192036\desktop\3dゲーム\origin\debug\origin.tlog\meshcontenttask-vsgraphics.17520.write.5.tlog
c:\users\s192036\desktop\3dゲーム\origin\debug\origin.tlog\meshcontenttask-vsgraphics.17772.read.1.tlog
c:\users\s192036\desktop\3dゲーム\origin\debug\origin.tlog\meshcontenttask-vsgraphics.17772.write.1.tlog
c:\users\s192036\desktop\3dゲーム\origin\debug\origin.tlog\meshcontenttask-vsgraphics.18024.read.1.tlog
c:\users\s192036\desktop\3dゲーム\origin\debug\origin.tlog\meshcontenttask-vsgraphics.18024.read.5.tlog
c:\users\s192036\desktop\3dゲーム\origin\debug\origin.tlog\meshcontenttask-vsgraphics.18024.write.1.tlog
c:\users\s192036\desktop\3dゲーム\origin\debug\origin.tlog\meshcontenttask-vsgraphics.18024.write.5.tlog
c:\users\s192036\desktop\3dゲーム\origin\debug\origin.tlog\meshcontenttask-vsgraphics.18196.read.1.tlog
c:\users\s192036\desktop\3dゲーム\origin\debug\origin.tlog\meshcontenttask-vsgraphics.18196.read.5.tlog
c:\users\s192036\desktop\3dゲーム\origin\debug\origin.tlog\meshcontenttask-vsgraphics.18196.write.1.tlog
c:\users\s192036\desktop\3dゲーム\origin\debug\origin.tlog\meshcontenttask-vsgraphics.18196.write.5.tlog
c:\users\s192036\desktop\3dゲーム\origin\debug\origin.tlog\meshcontenttask-vsgraphics.19040.read.1.tlog
c:\users\s192036\desktop\3dゲーム\origin\debug\origin.tlog\meshcontenttask-vsgraphics.19040.read.5.tlog
c:\users\s192036\desktop\3dゲーム\origin\debug\origin.tlog\meshcontenttask-vsgraphics.19040.write.1.tlog
c:\users\s192036\desktop\3dゲーム\origin\debug\origin.tlog\meshcontenttask-vsgraphics.19040.write.5.tlog
c:\users\s192036\desktop\3dゲーム\origin\debug\origin.tlog\meshcontenttask-vsgraphics.19152.read.1.tlog
c:\users\s192036\desktop\3dゲーム\origin\debug\origin.tlog\meshcontenttask-vsgraphics.19152.read.5.tlog
c:\users\s192036\desktop\3dゲーム\origin\debug\origin.tlog\meshcontenttask-vsgraphics.19152.write.1.tlog
c:\users\s192036\desktop\3dゲーム\origin\debug\origin.tlog\meshcontenttask-vsgraphics.19152.write.5.tlog
c:\users\s192036\desktop\3dゲーム\origin\debug\origin.tlog\meshcontenttask-vsgraphics.19644.read.1.tlog
c:\users\s192036\desktop\3dゲーム\origin\debug\origin.tlog\meshcontenttask-vsgraphics.19644.read.5.tlog
c:\users\s192036\desktop\3dゲーム\origin\debug\origin.tlog\meshcontenttask-vsgraphics.19644.write.1.tlog
c:\users\s192036\desktop\3dゲーム\origin\debug\origin.tlog\meshcontenttask-vsgraphics.19644.write.5.tlog
c:\users\s192036\desktop\3dゲーム\origin\debug\origin.tlog\meshcontenttask-vsgraphics.20024.read.1.tlog
c:\users\s192036\desktop\3dゲーム\origin\debug\origin.tlog\meshcontenttask-vsgraphics.20024.write.1.tlog
c:\users\s192036\desktop\3dゲーム\origin\debug\origin.tlog\meshcontenttask-vsgraphics.20380.read.1.tlog
c:\users\s192036\desktop\3dゲーム\origin\debug\origin.tlog\meshcontenttask-vsgraphics.20380.read.5.tlog
c:\users\s192036\desktop\3dゲーム\origin\debug\origin.tlog\meshcontenttask-vsgraphics.20380.write.1.tlog
c:\users\s192036\desktop\3dゲーム\origin\debug\origin.tlog\meshcontenttask-vsgraphics.20380.write.5.tlog
c:\users\s192036\desktop\3dゲーム\origin\debug\origin.tlog\meshcontenttask-vsgraphics.20640.read.1.tlog
c:\users\s192036\desktop\3dゲーム\origin\debug\origin.tlog\meshcontenttask-vsgraphics.20640.read.5.tlog
c:\users\s192036\desktop\3dゲーム\origin\debug\origin.tlog\meshcontenttask-vsgraphics.20640.write.1.tlog
c:\users\s192036\desktop\3dゲーム\origin\debug\origin.tlog\meshcontenttask-vsgraphics.20640.write.5.tlog
c:\users\s192036\desktop\3dゲーム\origin\debug\origin.tlog\meshcontenttask-vsgraphics.20856.read.1.tlog
c:\users\s192036\desktop\3dゲーム\origin\debug\origin.tlog\meshcontenttask-vsgraphics.20856.read.5.tlog
c:\users\s192036\desktop\3dゲーム\origin\debug\origin.tlog\meshcontenttask-vsgraphics.20856.write.1.tlog
c:\users\s192036\desktop\3dゲーム\origin\debug\origin.tlog\meshcontenttask-vsgraphics.20856.write.5.tlog
c:\users\s192036\desktop\3dゲーム\origin\debug\origin.tlog\meshcontenttask-vsgraphics.2092.read.1.tlog
c:\users\s192036\desktop\3dゲーム\origin\debug\origin.tlog\meshcontenttask-vsgraphics.2092.write.1.tlog
c:\users\s192036\desktop\3dゲーム\origin\debug\origin.tlog\meshcontenttask-vsgraphics.21008.read.1.tlog
c:\users\s192036\desktop\3dゲーム\origin\debug\origin.tlog\meshcontenttask-vsgraphics.21008.read.5.tlog
c:\users\s192036\desktop\3dゲーム\origin\debug\origin.tlog\meshcontenttask-vsgraphics.21008.write.1.tlog
c:\users\s192036\desktop\3dゲーム\origin\debug\origin.tlog\meshcontenttask-vsgraphics.21008.write.5.tlog
c:\users\s192036\desktop\3dゲーム\origin\debug\origin.tlog\meshcontenttask-vsgraphics.21032.read.1.tlog
c:\users\s192036\desktop\3dゲーム\origin\debug\origin.tlog\meshcontenttask-vsgraphics.21032.read.5.tlog
c:\users\s192036\desktop\3dゲーム\origin\debug\origin.tlog\meshcontenttask-vsgraphics.21032.write.1.tlog
c:\users\s192036\desktop\3dゲーム\origin\debug\origin.tlog\meshcontenttask-vsgraphics.21032.write.5.tlog
c:\users\s192036\desktop\3dゲーム\origin\debug\origin.tlog\meshcontenttask-vsgraphics.21184.read.1.tlog
c:\users\s192036\desktop\3dゲーム\origin\debug\origin.tlog\meshcontenttask-vsgraphics.21184.read.5.tlog
c:\users\s192036\desktop\3dゲーム\origin\debug\origin.tlog\meshcontenttask-vsgraphics.21184.write.1.tlog
c:\users\s192036\desktop\3dゲーム\origin\debug\origin.tlog\meshcontenttask-vsgraphics.21184.write.5.tlog
c:\users\s192036\desktop\3dゲーム\origin\debug\origin.tlog\meshcontenttask-vsgraphics.21304.read.1.tlog
c:\users\s192036\desktop\3dゲーム\origin\debug\origin.tlog\meshcontenttask-vsgraphics.21304.write.1.tlog
c:\users\s192036\desktop\3dゲーム\origin\debug\origin.tlog\meshcontenttask-vsgraphics.21556.read.1.tlog
c:\users\s192036\desktop\3dゲーム\origin\debug\origin.tlog\meshcontenttask-vsgraphics.21556.write.1.tlog
c:\users\s192036\desktop\3dゲーム\origin\debug\origin.tlog\meshcontenttask-vsgraphics.21640.read.1.tlog
c:\users\s192036\desktop\3dゲーム\origin\debug\origin.tlog\meshcontenttask-vsgraphics.21640.write.1.tlog
c:\users\s192036\desktop\3dゲーム\origin\debug\origin.tlog\meshcontenttask-vsgraphics.2572.read.1.tlog
c:\users\s192036\desktop\3dゲーム\origin\debug\origin.tlog\meshcontenttask-vsgraphics.2572.read.5.tlog
c:\users\s192036\desktop\3dゲーム\origin\debug\origin.tlog\meshcontenttask-vsgraphics.2572.write.1.tlog
c:\users\s192036\desktop\3dゲーム\origin\debug\origin.tlog\meshcontenttask-vsgraphics.2572.write.5.tlog
c:\users\s192036\desktop\3dゲーム\origin\debug\origin.tlog\meshcontenttask-vsgraphics.2608.read.1.tlog
c:\users\s192036\desktop\3dゲーム\origin\debug\origin.tlog\meshcontenttask-vsgraphics.2608.read.5.tlog
c:\users\s192036\desktop\3dゲーム\origin\debug\origin.tlog\meshcontenttask-vsgraphics.2608.write.1.tlog
c:\users\s192036\desktop\3dゲーム\origin\debug\origin.tlog\meshcontenttask-vsgraphics.2608.write.5.tlog
c:\users\s192036\desktop\3dゲーム\origin\debug\origin.tlog\meshcontenttask-vsgraphics.2636.read.1.tlog
c:\users\s192036\desktop\3dゲーム\origin\debug\origin.tlog\meshcontenttask-vsgraphics.2636.read.5.tlog
c:\users\s192036\desktop\3dゲーム\origin\debug\origin.tlog\meshcontenttask-vsgraphics.2636.write.1.tlog
c:\users\s192036\desktop\3dゲーム\origin\debug\origin.tlog\meshcontenttask-vsgraphics.2636.write.5.tlog
c:\users\s192036\desktop\3dゲーム\origin\debug\origin.tlog\meshcontenttask-vsgraphics.2668.read.1.tlog
c:\users\s192036\desktop\3dゲーム\origin\debug\origin.tlog\meshcontenttask-vsgraphics.2668.read.5.tlog
c:\users\s192036\desktop\3dゲーム\origin\debug\origin.tlog\meshcontenttask-vsgraphics.2668.write.1.tlog
c:\users\s192036\desktop\3dゲーム\origin\debug\origin.tlog\meshcontenttask-vsgraphics.2668.write.5.tlog
c:\users\s192036\desktop\3dゲーム\origin\debug\origin.tlog\meshcontenttask-vsgraphics.3388.read.1.tlog
c:\users\s192036\desktop\3dゲーム\origin\debug\origin.tlog\meshcontenttask-vsgraphics.3388.write.1.tlog
c:\users\s192036\desktop\3dゲーム\origin\debug\origin.tlog\meshcontenttask-vsgraphics.3720.read.1.tlog
c:\users\s192036\desktop\3dゲーム\origin\debug\origin.tlog\meshcontenttask-vsgraphics.3720.write.1.tlog
c:\users\s192036\desktop\3dゲーム\origin\debug\origin.tlog\meshcontenttask-vsgraphics.3844.read.1.tlog
c:\users\s192036\desktop\3dゲーム\origin\debug\origin.tlog\meshcontenttask-vsgraphics.3844.read.5.tlog
c:\users\s192036\desktop\3dゲーム\origin\debug\origin.tlog\meshcontenttask-vsgraphics.3844.write.1.tlog
c:\users\s192036\desktop\3dゲーム\origin\debug\origin.tlog\meshcontenttask-vsgraphics.3844.write.5.tlog
c:\users\s192036\desktop\3dゲーム\origin\debug\origin.tlog\meshcontenttask-vsgraphics.4464.read.1.tlog
c:\users\s192036\desktop\3dゲーム\origin\debug\origin.tlog\meshcontenttask-vsgraphics.4464.write.1.tlog
c:\users\s192036\desktop\3dゲーム\origin\debug\origin.tlog\meshcontenttask-vsgraphics.5136.read.1.tlog
c:\users\s192036\desktop\3dゲーム\origin\debug\origin.tlog\meshcontenttask-vsgraphics.5136.read.5.tlog
c:\users\s192036\desktop\3dゲーム\origin\debug\origin.tlog\meshcontenttask-vsgraphics.5136.write.1.tlog
c:\users\s192036\desktop\3dゲーム\origin\debug\origin.tlog\meshcontenttask-vsgraphics.5136.write.5.tlog
c:\users\s192036\desktop\3dゲーム\origin\debug\origin.tlog\meshcontenttask-vsgraphics.5596.read.1.tlog
c:\users\s192036\desktop\3dゲーム\origin\debug\origin.tlog\meshcontenttask-vsgraphics.5596.read.5.tlog
c:\users\s192036\desktop\3dゲーム\origin\debug\origin.tlog\meshcontenttask-vsgraphics.5596.write.1.tlog
c:\users\s192036\desktop\3dゲーム\origin\debug\origin.tlog\meshcontenttask-vsgraphics.5596.write.5.tlog
c:\users\s192036\desktop\3dゲーム\origin\debug\origin.tlog\meshcontenttask-vsgraphics.5840.read.1.tlog
c:\users\s192036\desktop\3dゲーム\origin\debug\origin.tlog\meshcontenttask-vsgraphics.5840.read.5.tlog
c:\users\s192036\desktop\3dゲーム\origin\debug\origin.tlog\meshcontenttask-vsgraphics.5840.write.1.tlog
c:\users\s192036\desktop\3dゲーム\origin\debug\origin.tlog\meshcontenttask-vsgraphics.5840.write.5.tlog
c:\users\s192036\desktop\3dゲーム\origin\debug\origin.tlog\meshcontenttask-vsgraphics.5920.read.1.tlog
c:\users\s192036\desktop\3dゲーム\origin\debug\origin.tlog\meshcontenttask-vsgraphics.5920.read.5.tlog
c:\users\s192036\desktop\3dゲーム\origin\debug\origin.tlog\meshcontenttask-vsgraphics.5920.write.1.tlog
c:\users\s192036\desktop\3dゲーム\origin\debug\origin.tlog\meshcontenttask-vsgraphics.5920.write.5.tlog
c:\users\s192036\desktop\3dゲーム\origin\debug\origin.tlog\meshcontenttask-vsgraphics.6716.read.1.tlog
c:\users\s192036\desktop\3dゲーム\origin\debug\origin.tlog\meshcontenttask-vsgraphics.6716.write.1.tlog
c:\users\s192036\desktop\3dゲーム\origin\debug\origin.tlog\meshcontenttask-vsgraphics.6896.read.1.tlog
c:\users\s192036\desktop\3dゲーム\origin\debug\origin.tlog\meshcontenttask-vsgraphics.6896.read.5.tlog
c:\users\s192036\desktop\3dゲーム\origin\debug\origin.tlog\meshcontenttask-vsgraphics.6896.write.1.tlog
c:\users\s192036\desktop\3dゲーム\origin\debug\origin.tlog\meshcontenttask-vsgraphics.6896.write.5.tlog
c:\users\s192036\desktop\3dゲーム\origin\debug\origin.tlog\meshcontenttask-vsgraphics.7056.read.1.tlog
c:\users\s192036\desktop\3dゲーム\origin\debug\origin.tlog\meshcontenttask-vsgraphics.7056.read.5.tlog
c:\users\s192036\desktop\3dゲーム\origin\debug\origin.tlog\meshcontenttask-vsgraphics.7056.write.1.tlog
c:\users\s192036\desktop\3dゲーム\origin\debug\origin.tlog\meshcontenttask-vsgraphics.7056.write.5.tlog
c:\users\s192036\desktop\3dゲーム\origin\debug\origin.tlog\meshcontenttask-vsgraphics.7084.read.1.tlog
c:\users\s192036\desktop\3dゲーム\origin\debug\origin.tlog\meshcontenttask-vsgraphics.7084.write.1.tlog
c:\users\s192036\desktop\3dゲーム\origin\debug\origin.tlog\meshcontenttask-vsgraphics.8668.read.1.tlog
c:\users\s192036\desktop\3dゲーム\origin\debug\origin.tlog\meshcontenttask-vsgraphics.8668.read.5.tlog
c:\users\s192036\desktop\3dゲーム\origin\debug\origin.tlog\meshcontenttask-vsgraphics.8668.write.1.tlog
c:\users\s192036\desktop\3dゲーム\origin\debug\origin.tlog\meshcontenttask-vsgraphics.8668.write.5.tlog
c:\users\s192036\desktop\3dゲーム\origin\debug\origin.tlog\meshcontenttask-vsgraphics.8876.read.1.tlog
c:\users\s192036\desktop\3dゲーム\origin\debug\origin.tlog\meshcontenttask-vsgraphics.8876.read.5.tlog
c:\users\s192036\desktop\3dゲーム\origin\debug\origin.tlog\meshcontenttask-vsgraphics.8876.write.1.tlog
c:\users\s192036\desktop\3dゲーム\origin\debug\origin.tlog\meshcontenttask-vsgraphics.8876.write.5.tlog
c:\users\s192036\desktop\3dゲーム\origin\debug\origin.tlog\meshcontenttask-vsgraphics.9508.read.1.tlog
c:\users\s192036\desktop\3dゲーム\origin\debug\origin.tlog\meshcontenttask-vsgraphics.9508.read.5.tlog
c:\users\s192036\desktop\3dゲーム\origin\debug\origin.tlog\meshcontenttask-vsgraphics.9508.write.1.tlog
c:\users\s192036\desktop\3dゲーム\origin\debug\origin.tlog\meshcontenttask-vsgraphics.9508.write.5.tlog
c:\users\s192036\desktop\3dゲーム\origin\debug\origin.tlog\meshcontenttask-vsgraphics.9864.read.1.tlog
c:\users\s192036\desktop\3dゲーム\origin\debug\origin.tlog\meshcontenttask-vsgraphics.9864.read.5.tlog
c:\users\s192036\desktop\3dゲーム\origin\debug\origin.tlog\meshcontenttask-vsgraphics.9864.write.1.tlog
c:\users\s192036\desktop\3dゲーム\origin\debug\origin.tlog\meshcontenttask-vsgraphics.9864.write.5.tlog
c:\users\s192036\desktop\3dゲーム\origin\debug\origin.tlog\meshcontenttask-vsgraphics.read.1.tlog
c:\users\s192036\desktop\3dゲーム\origin\debug\origin.tlog\meshcontenttask-vsgraphics.read.5.tlog
c:\users\s192036\desktop\3dゲーム\origin\debug\origin.tlog\meshcontenttask-vsgraphics.write.1.tlog
c:\users\s192036\desktop\3dゲーム\origin\debug\origin.tlog\meshcontenttask-vsgraphics.write.5.tlog
c:\users\s192036\desktop\3dゲーム\origin\debug\origin.tlog\origin.write.1u.tlog
c:\users\s192036\desktop\3dゲーム\origin\debug\origin.tlog\rc.10844.read.1.tlog
c:\users\s192036\desktop\3dゲーム\origin\debug\origin.tlog\rc.10844.write.1.tlog
c:\users\s192036\desktop\3dゲーム\origin\debug\origin.tlog\rc.11060.read.1.tlog
c:\users\s192036\desktop\3dゲーム\origin\debug\origin.tlog\rc.11060.write.1.tlog
c:\users\s192036\desktop\3dゲーム\origin\debug\origin.tlog\rc.12052.read.1.tlog
c:\users\s192036\desktop\3dゲーム\origin\debug\origin.tlog\rc.12052.write.1.tlog
c:\users\s192036\desktop\3dゲーム\origin\debug\origin.tlog\rc.12876.read.1.tlog
c:\users\s192036\desktop\3dゲーム\origin\debug\origin.tlog\rc.12876.write.1.tlog
c:\users\s192036\desktop\3dゲーム\origin\debug\origin.tlog\rc.13632.read.1.tlog
c:\users\s192036\desktop\3dゲーム\origin\debug\origin.tlog\rc.13632.write.1.tlog
c:\users\s192036\desktop\3dゲーム\origin\debug\origin.tlog\rc.1368.read.1.tlog
c:\users\s192036\desktop\3dゲーム\origin\debug\origin.tlog\rc.1368.write.1.tlog
c:\users\s192036\desktop\3dゲーム\origin\debug\origin.tlog\rc.14568.read.1.tlog
c:\users\s192036\desktop\3dゲーム\origin\debug\origin.tlog\rc.14568.write.1.tlog
c:\users\s192036\desktop\3dゲーム\origin\debug\origin.tlog\rc.14764.read.1.tlog
c:\users\s192036\desktop\3dゲーム\origin\debug\origin.tlog\rc.14764.write.1.tlog
c:\users\s192036\desktop\3dゲーム\origin\debug\origin.tlog\rc.15088.read.1.tlog
c:\users\s192036\desktop\3dゲーム\origin\debug\origin.tlog\rc.15088.write.1.tlog
c:\users\s192036\desktop\3dゲーム\origin\debug\origin.tlog\rc.15240.read.1.tlog
c:\users\s192036\desktop\3dゲーム\origin\debug\origin.tlog\rc.15240.write.1.tlog
c:\users\s192036\desktop\3dゲーム\origin\debug\origin.tlog\rc.16244.read.1.tlog
c:\users\s192036\desktop\3dゲーム\origin\debug\origin.tlog\rc.16244.write.1.tlog
c:\users\s192036\desktop\3dゲーム\origin\debug\origin.tlog\rc.16280.read.1.tlog
c:\users\s192036\desktop\3dゲーム\origin\debug\origin.tlog\rc.16280.write.1.tlog
c:\users\s192036\desktop\3dゲーム\origin\debug\origin.tlog\rc.16808.read.1.tlog
c:\users\s192036\desktop\3dゲーム\origin\debug\origin.tlog\rc.16808.write.1.tlog
c:\users\s192036\desktop\3dゲーム\origin\debug\origin.tlog\rc.16904.read.1.tlog
c:\users\s192036\desktop\3dゲーム\origin\debug\origin.tlog\rc.16904.write.1.tlog
c:\users\s192036\desktop\3dゲーム\origin\debug\origin.tlog\rc.16976.read.1.tlog
c:\users\s192036\desktop\3dゲーム\origin\debug\origin.tlog\rc.16976.write.1.tlog
c:\users\s192036\desktop\3dゲーム\origin\debug\origin.tlog\rc.17252.read.1.tlog
c:\users\s192036\desktop\3dゲーム\origin\debug\origin.tlog\rc.17252.write.1.tlog
c:\users\s192036\desktop\3dゲーム\origin\debug\origin.tlog\rc.17452.read.1.tlog
c:\users\s192036\desktop\3dゲーム\origin\debug\origin.tlog\rc.17452.write.1.tlog
c:\users\s192036\desktop\3dゲーム\origin\debug\origin.tlog\rc.17956.read.1.tlog
c:\users\s192036\desktop\3dゲーム\origin\debug\origin.tlog\rc.17956.write.1.tlog
c:\users\s192036\desktop\3dゲーム\origin\debug\origin.tlog\rc.19636.read.1.tlog
c:\users\s192036\desktop\3dゲーム\origin\debug\origin.tlog\rc.19636.write.1.tlog
c:\users\s192036\desktop\3dゲーム\origin\debug\origin.tlog\rc.19796.read.1.tlog
c:\users\s192036\desktop\3dゲーム\origin\debug\origin.tlog\rc.19796.write.1.tlog
c:\users\s192036\desktop\3dゲーム\origin\debug\origin.tlog\rc.20316.read.1.tlog
c:\users\s192036\desktop\3dゲーム\origin\debug\origin.tlog\rc.20316.write.1.tlog
c:\users\s192036\desktop\3dゲーム\origin\debug\origin.tlog\rc.20368.read.1.tlog
c:\users\s192036\desktop\3dゲーム\origin\debug\origin.tlog\rc.20368.write.1.tlog
c:\users\s192036\desktop\3dゲーム\origin\debug\origin.tlog\rc.3748.read.1.tlog
c:\users\s192036\desktop\3dゲーム\origin\debug\origin.tlog\rc.3748.write.1.tlog
c:\users\s192036\desktop\3dゲーム\origin\debug\origin.tlog\rc.5164.read.1.tlog
c:\users\s192036\desktop\3dゲーム\origin\debug\origin.tlog\rc.5164.write.1.tlog
c:\users\s192036\desktop\3dゲーム\origin\debug\origin.tlog\rc.5736.read.1.tlog
c:\users\s192036\desktop\3dゲーム\origin\debug\origin.tlog\rc.5736.write.1.tlog
c:\users\s192036\desktop\3dゲーム\origin\debug\origin.tlog\rc.6064.read.1.tlog
c:\users\s192036\desktop\3dゲーム\origin\debug\origin.tlog\rc.6064.write.1.tlog
c:\users\s192036\desktop\3dゲーム\origin\debug\origin.tlog\rc.7292.read.1.tlog
c:\users\s192036\desktop\3dゲーム\origin\debug\origin.tlog\rc.7292.write.1.tlog
c:\users\s192036\desktop\3dゲーム\origin\debug\origin.tlog\rc.7912.read.1.tlog
c:\users\s192036\desktop\3dゲーム\origin\debug\origin.tlog\rc.7912.write.1.tlog
c:\users\s192036\desktop\3dゲーム\origin\debug\origin.tlog\rc.8684.read.1.tlog
c:\users\s192036\desktop\3dゲーム\origin\debug\origin.tlog\rc.8684.write.1.tlog
c:\users\s192036\desktop\3dゲーム\origin\debug\origin.tlog\rc.8940.read.1.tlog
c:\users\s192036\desktop\3dゲーム\origin\debug\origin.tlog\rc.8940.write.1.tlog
c:\users\s192036\desktop\3dゲーム\origin\debug\origin.tlog\rc.9208.read.1.tlog
c:\users\s192036\desktop\3dゲーム\origin\debug\origin.tlog\rc.9208.write.1.tlog
c:\users\s192036\desktop\3dゲーム\origin\debug\origin.tlog\rc.9916.read.1.tlog
c:\users\s192036\desktop\3dゲーム\origin\debug\origin.tlog\rc.9916.write.1.tlog
c:\users\s192036\desktop\3dゲーム\origin\debug\origin.tlog\rc.command.1.tlog
c:\users\s192036\desktop\3dゲーム\origin\debug\origin.tlog\rc.read.1.tlog
c:\users\s192036\desktop\3dゲーム\origin\debug\origin.tlog\rc.write.1.tlog
