  Resources\Model\Character.fbx
  Resources\Model\Enemy\Goblin.fbx
  Resources\Model\Enemy\LongRange.fbx
  Resources\Model\Enemy\LongRangeAttack.fbx
  Resources\Model\Enemy\LongRangeRowling.fbx
  Resources\Model\Enemy\Rowling.fbx
  Resources\Model\Enemy\Stamp.fbx
  Resources\Model\Map\mapPart1.fbx
  Resources\Model\Map\mapPart2.fbx
  Resources\Model\Map\space.fbx
  Resources\Model\Player\testSword.fbx
  Resources\Model\Shadow.fbx
  ScreenCapture.cpp
c:\users\s192036\desktop\gt2\就職作品\3dゲーム\origin\screencapture\screencapture.cpp(216): warning C4244: '初期化中': 'double' から 'std::size_t' への変換です。データが失われる可能性があります。
  origin.vcxproj -> C:\Users\s192036\Desktop\GT2\就職作品\3Dゲーム\Debug\origin.exe
  origin.vcxproj -> C:\Users\s192036\Desktop\GT2\就職作品\3Dゲーム\Debug\origin.pdb (Full PDB)
  サブディレクトリまたはファイル Debug は既に存在します。
  サブディレクトリまたはファイル Release は既に存在します。
          1 個のファイルをコピーしました。
          1 個のファイルをコピーしました。
