c:\users\s192036\desktop\自作ゲーム\3d\就職作品\3dゲーム - コピー\origin\release\vc140.pdb
c:\users\s192036\desktop\自作ゲーム\3d\就職作品\3dゲーム - コピー\origin\release\player.obj
c:\users\s192036\desktop\自作ゲーム\3d\就職作品\3dゲーム - コピー\origin\release\charactermaplist.obj
c:\users\s192036\desktop\自作ゲーム\3d\就職作品\3dゲーム - コピー\origin\release\enemy.obj
c:\users\s192036\desktop\自作ゲーム\3d\就職作品\3dゲーム - コピー\origin\release\enemiesmanager.obj
c:\users\s192036\desktop\自作ゲーム\3d\就職作品\3dゲーム - コピー\origin\release\character.obj
c:\users\s192036\desktop\自作ゲーム\3d\就職作品\3dゲーム - コピー\origin\release\effect3d.obj
c:\users\s192036\desktop\自作ゲーム\3d\就職作品\3dゲーム - コピー\origin\release\purpose.obj
c:\users\s192036\desktop\自作ゲーム\3d\就職作品\3dゲーム - コピー\origin\release\effect2d.obj
c:\users\s192036\desktop\自作ゲーム\3d\就職作品\3dゲーム - コピー\origin\release\origin.pch
c:\users\s192036\desktop\自作ゲーム\3d\就職作品\3dゲーム - コピー\origin\release\pch.obj
c:\users\s192036\desktop\自作ゲーム\3d\就職作品\3dゲーム - コピー\origin\release\main.obj
c:\users\s192036\desktop\自作ゲーム\3d\就職作品\3dゲーム - コピー\origin\release\game.obj
c:\users\s192036\desktop\自作ゲーム\3d\就職作品\3dゲーム - コピー\origin\release\deviceresources.obj
c:\users\s192036\desktop\自作ゲーム\3d\就職作品\3dゲーム - コピー\origin\release\aspect.obj
c:\users\s192036\desktop\自作ゲーム\3d\就職作品\3dゲーム - コピー\origin\release\enemyhp.obj
c:\users\s192036\desktop\自作ゲーム\3d\就職作品\3dゲーム - コピー\origin\release\hpguage.obj
c:\users\s192036\desktop\自作ゲーム\3d\就職作品\3dゲーム - コピー\origin\release\darwname.obj
c:\users\s192036\desktop\自作ゲーム\3d\就職作品\3dゲーム - コピー\origin\release\adx2.obj
c:\users\s192036\desktop\自作ゲーム\3d\就職作品\3dゲーム - コピー\origin\release\titlestate.obj
c:\users\s192036\desktop\自作ゲーム\3d\就職作品\3dゲーム - コピー\origin\release\resultstate.obj
c:\users\s192036\desktop\自作ゲーム\3d\就職作品\3dゲーム - コピー\origin\release\playstate.obj
c:\users\s192036\desktop\自作ゲーム\3d\就職作品\3dゲーム - コピー\origin\release\pausestate.obj
c:\users\s192036\desktop\自作ゲーム\3d\就職作品\3dゲーム - コピー\origin\release\gamestatemanager.obj
c:\users\s192036\desktop\自作ゲーム\3d\就職作品\3dゲーム - コピー\origin\release\collision.obj
c:\users\s192036\desktop\自作ゲーム\3d\就職作品\3dゲーム - コピー\origin\release\myeffect.obj
c:\users\s192036\desktop\自作ゲーム\3d\就職作品\3dゲーム - コピー\origin\release\binaryfile.obj
c:\users\s192036\desktop\自作ゲーム\3d\就職作品\3dゲーム - コピー\origin\release\map.obj
c:\users\s192036\desktop\自作ゲーム\3d\就職作品\3dゲーム - コピー\origin\release\gridfloor.obj
c:\users\s192036\desktop\自作ゲーム\3d\就職作品\3dゲーム - コピー\origin\release\debugfont.obj
c:\users\s192036\desktop\自作ゲーム\3d\就職作品\3dゲーム - コピー\origin\release\debugcapsule.obj
c:\users\s192036\desktop\自作ゲーム\3d\就職作品\3dゲーム - コピー\origin\release\debugcamera.obj
c:\users\s192036\desktop\自作ゲーム\3d\就職作品\3dゲーム - コピー\origin\release\datamanager.obj
c:\users\s192036\desktop\自作ゲーム\3d\就職作品\3dゲーム - コピー\origin\release\collisionmesh.obj
c:\users\s192036\desktop\自作ゲーム\3d\就職作品\3dゲーム - コピー\origin\release\followcamera.obj
c:\users\s192036\desktop\自作ゲーム\3d\就職作品\3dゲーム - コピー\origin\release\time.obj
c:\users\s192036\desktop\自作ゲーム\3d\就職作品\3dゲーム - コピー\origin\release\shutter.obj
c:\users\s192036\desktop\自作ゲーム\3d\就職作品\3dゲーム - コピー\origin\release\score.obj
c:\users\s192036\desktop\自作ゲーム\3d\就職作品\3dゲーム - コピー\origin\release\sword.obj
c:\users\s192036\desktop\自作ゲーム\3d\就職作品\3dゲーム - コピー\origin\release\spear.obj
c:\users\s192036\desktop\自作ゲーム\3d\就職作品\3dゲーム - コピー\origin\release\bow.obj
c:\users\s192036\desktop\自作ゲーム\3d\就職作品\3dゲーム - コピー\origin\release\weapon.obj
c:\users\s192036\desktop\自作ゲーム\3d\就職作品\3dゲーム - コピー\origin\resources\shaders\particlepspurpose.cso
c:\users\s192036\desktop\自作ゲーム\3d\就職作品\3dゲーム - コピー\origin\resources\shaders\particlegs.cso
c:\users\s192036\desktop\自作ゲーム\3d\就職作品\3dゲーム - コピー\origin\resources\shaders\particleps.cso
c:\users\s192036\desktop\自作ゲーム\3d\就職作品\3dゲーム - コピー\origin\resources\shaders\particlevs.cso
c:\users\s192036\desktop\自作ゲーム\3d\就職作品\3dゲーム - コピー\origin\resources\cmo\testsword.cmo
c:\users\s192036\desktop\自作ゲーム\3d\就職作品\3dゲーム - コピー\origin\resources\cmo\_program files (x86)_microsoft visual studio 14.0_common7_ide_extensions_microsoft_vsgraphics_assets_effects_lambert.dgsl.cso
c:\users\s192036\desktop\自作ゲーム\3d\就職作品\3dゲーム - コピー\origin\resources\cmo\goblin1.cmo
c:\users\s192036\desktop\自作ゲーム\3d\就職作品\3dゲーム - コピー\origin\resources\cmo\_program files (x86)_microsoft visual studio 14.0_common7_ide_extensions_microsoft_vsgraphics_assets_effects_phong.dgsl.cso
c:\users\s192036\desktop\自作ゲーム\3d\就職作品\3dゲーム - コピー\origin\resources\cmo\mapcoliseumtest.cmo
c:\users\s192036\desktop\自作ゲーム\3d\就職作品\3dゲーム - コピー\origin\resources\model\map\space.fbm\spaceblue.png
c:\users\s192036\desktop\自作ゲーム\3d\就職作品\3dゲーム - コピー\origin\resources\cmo\space.cmo
c:\users\s192036\desktop\自作ゲーム\3d\就職作品\3dゲーム - コピー\origin\resources\cmo\_users_s192036_desktop_自作ゲーム_3d_就職作品_3dゲーム - コピー_origin_resources_model_map_space.fbm_spaceblue.png.dds
c:\users\s192036\desktop\自作ゲーム\3d\就職作品\3dゲーム - コピー\origin\resources\cmo\wallcoliseumtest.cmo
c:\users\s192036\desktop\自作ゲーム\3d\就職作品\3dゲーム - コピー\origin\resources\cmo\player.cmo
c:\users\s192036\desktop\自作ゲーム\3d\就職作品\3dゲーム - コピー\origin\release\resource.res
c:\users\s192036\desktop\自作ゲーム\3d\就職作品\3dゲーム - コピー\origin\release\origin.tlog\cl.12056.read.1.tlog
c:\users\s192036\desktop\自作ゲーム\3d\就職作品\3dゲーム - コピー\origin\release\origin.tlog\cl.12056.write.1.tlog
c:\users\s192036\desktop\自作ゲーム\3d\就職作品\3dゲーム - コピー\origin\release\origin.tlog\cl.command.1.tlog
c:\users\s192036\desktop\自作ゲーム\3d\就職作品\3dゲーム - コピー\origin\release\origin.tlog\fxc.11124.read.1.tlog
c:\users\s192036\desktop\自作ゲーム\3d\就職作品\3dゲーム - コピー\origin\release\origin.tlog\fxc.11124.write.1.tlog
c:\users\s192036\desktop\自作ゲーム\3d\就職作品\3dゲーム - コピー\origin\release\origin.tlog\fxc.15152.read.1.tlog
c:\users\s192036\desktop\自作ゲーム\3d\就職作品\3dゲーム - コピー\origin\release\origin.tlog\fxc.15152.write.1.tlog
c:\users\s192036\desktop\自作ゲーム\3d\就職作品\3dゲーム - コピー\origin\release\origin.tlog\fxc.1672.read.1.tlog
c:\users\s192036\desktop\自作ゲーム\3d\就職作品\3dゲーム - コピー\origin\release\origin.tlog\fxc.1672.write.1.tlog
c:\users\s192036\desktop\自作ゲーム\3d\就職作品\3dゲーム - コピー\origin\release\origin.tlog\fxc.17056.read.1.tlog
c:\users\s192036\desktop\自作ゲーム\3d\就職作品\3dゲーム - コピー\origin\release\origin.tlog\fxc.17056.write.1.tlog
c:\users\s192036\desktop\自作ゲーム\3d\就職作品\3dゲーム - コピー\origin\release\origin.tlog\fxc.17720.read.1.tlog
c:\users\s192036\desktop\自作ゲーム\3d\就職作品\3dゲーム - コピー\origin\release\origin.tlog\fxc.17720.write.1.tlog
c:\users\s192036\desktop\自作ゲーム\3d\就職作品\3dゲーム - コピー\origin\release\origin.tlog\fxc.20608.read.1.tlog
c:\users\s192036\desktop\自作ゲーム\3d\就職作品\3dゲーム - コピー\origin\release\origin.tlog\fxc.20608.write.1.tlog
c:\users\s192036\desktop\自作ゲーム\3d\就職作品\3dゲーム - コピー\origin\release\origin.tlog\fxc.6276.read.1.tlog
c:\users\s192036\desktop\自作ゲーム\3d\就職作品\3dゲーム - コピー\origin\release\origin.tlog\fxc.6276.write.1.tlog
c:\users\s192036\desktop\自作ゲーム\3d\就職作品\3dゲーム - コピー\origin\release\origin.tlog\fxc.6672.read.1.tlog
c:\users\s192036\desktop\自作ゲーム\3d\就職作品\3dゲーム - コピー\origin\release\origin.tlog\fxc.6672.write.1.tlog
c:\users\s192036\desktop\自作ゲーム\3d\就職作品\3dゲーム - コピー\origin\release\origin.tlog\fxc.command.1.tlog
c:\users\s192036\desktop\自作ゲーム\3d\就職作品\3dゲーム - コピー\origin\release\origin.tlog\link.10652.read.1.tlog
c:\users\s192036\desktop\自作ゲーム\3d\就職作品\3dゲーム - コピー\origin\release\origin.tlog\link.10652.write.1.tlog
c:\users\s192036\desktop\自作ゲーム\3d\就職作品\3dゲーム - コピー\origin\release\origin.tlog\link.16344.read.1.tlog
c:\users\s192036\desktop\自作ゲーム\3d\就職作品\3dゲーム - コピー\origin\release\origin.tlog\link.16344.write.1.tlog
c:\users\s192036\desktop\自作ゲーム\3d\就職作品\3dゲーム - コピー\origin\release\origin.tlog\link.command.1.tlog
c:\users\s192036\desktop\自作ゲーム\3d\就職作品\3dゲーム - コピー\origin\release\origin.tlog\meshcontenttask-vsgraphics.12276.read.1.tlog
c:\users\s192036\desktop\自作ゲーム\3d\就職作品\3dゲーム - コピー\origin\release\origin.tlog\meshcontenttask-vsgraphics.12276.write.1.tlog
c:\users\s192036\desktop\自作ゲーム\3d\就職作品\3dゲーム - コピー\origin\release\origin.tlog\meshcontenttask-vsgraphics.13388.read.1.tlog
c:\users\s192036\desktop\自作ゲーム\3d\就職作品\3dゲーム - コピー\origin\release\origin.tlog\meshcontenttask-vsgraphics.13388.write.1.tlog
c:\users\s192036\desktop\自作ゲーム\3d\就職作品\3dゲーム - コピー\origin\release\origin.tlog\meshcontenttask-vsgraphics.20436.read.1.tlog
c:\users\s192036\desktop\自作ゲーム\3d\就職作品\3dゲーム - コピー\origin\release\origin.tlog\meshcontenttask-vsgraphics.20436.write.1.tlog
c:\users\s192036\desktop\自作ゲーム\3d\就職作品\3dゲーム - コピー\origin\release\origin.tlog\meshcontenttask-vsgraphics.20464.read.1.tlog
c:\users\s192036\desktop\自作ゲーム\3d\就職作品\3dゲーム - コピー\origin\release\origin.tlog\meshcontenttask-vsgraphics.20464.write.1.tlog
c:\users\s192036\desktop\自作ゲーム\3d\就職作品\3dゲーム - コピー\origin\release\origin.tlog\meshcontenttask-vsgraphics.836.read.1.tlog
c:\users\s192036\desktop\自作ゲーム\3d\就職作品\3dゲーム - コピー\origin\release\origin.tlog\meshcontenttask-vsgraphics.836.write.1.tlog
c:\users\s192036\desktop\自作ゲーム\3d\就職作品\3dゲーム - コピー\origin\release\origin.tlog\meshcontenttask-vsgraphics.9072.read.1.tlog
c:\users\s192036\desktop\自作ゲーム\3d\就職作品\3dゲーム - コピー\origin\release\origin.tlog\meshcontenttask-vsgraphics.9072.write.1.tlog
c:\users\s192036\desktop\自作ゲーム\3d\就職作品\3dゲーム - コピー\origin\release\origin.tlog\origin.write.1u.tlog
c:\users\s192036\desktop\自作ゲーム\3d\就職作品\3dゲーム - コピー\origin\release\origin.tlog\rc.10632.read.1.tlog
c:\users\s192036\desktop\自作ゲーム\3d\就職作品\3dゲーム - コピー\origin\release\origin.tlog\rc.10632.write.1.tlog
c:\users\s192036\desktop\自作ゲーム\3d\就職作品\3dゲーム - コピー\origin\release\origin.tlog\rc.16812.read.1.tlog
c:\users\s192036\desktop\自作ゲーム\3d\就職作品\3dゲーム - コピー\origin\release\origin.tlog\rc.16812.write.1.tlog
c:\users\s192036\desktop\自作ゲーム\3d\就職作品\3dゲーム - コピー\origin\release\origin.tlog\rc.command.1.tlog
